mode: set
github.com/elmq0022/kami/examples/quickstart/main.go:11.13,13.16 2 0
github.com/elmq0022/kami/examples/quickstart/main.go:13.16,14.13 1 0
github.com/elmq0022/kami/examples/quickstart/main.go:17.2,20.33 3 0
github.com/elmq0022/kami/examples/quickstart/main.go:23.45,30.2 1 0
github.com/elmq0022/kami/examples/quickstart/main.go:37.47,48.2 3 0
github.com/elmq0022/kami/examples/static/main.go:13.13,15.16 2 0
github.com/elmq0022/kami/examples/static/main.go:15.16,16.13 1 0
github.com/elmq0022/kami/examples/static/main.go:20.2,21.16 2 0
github.com/elmq0022/kami/examples/static/main.go:21.16,22.13 1 0
github.com/elmq0022/kami/examples/static/main.go:27.2,30.16 2 0
github.com/elmq0022/kami/handlers/default_not_found.go:14.88,17.2 2 1
github.com/elmq0022/kami/handlers/default_not_found.go:19.62,21.2 1 1
github.com/elmq0022/kami/internal/radix/radix.go:24.28,27.2 2 1
github.com/elmq0022/kami/internal/radix/radix.go:29.83,30.38 1 1
github.com/elmq0022/kami/internal/radix/radix.go:30.38,32.3 1 1
github.com/elmq0022/kami/internal/radix/radix.go:34.2,37.67 3 1
github.com/elmq0022/kami/internal/radix/radix.go:37.67,39.3 1 1
github.com/elmq0022/kami/internal/radix/radix.go:41.2,41.45 1 1
github.com/elmq0022/kami/internal/radix/radix.go:44.89,45.26 1 1
github.com/elmq0022/kami/internal/radix/radix.go:45.26,46.27 1 1
github.com/elmq0022/kami/internal/radix/radix.go:46.27,48.4 1 1
github.com/elmq0022/kami/internal/radix/radix.go:49.3,50.13 2 1
github.com/elmq0022/kami/internal/radix/radix.go:53.2,55.36 2 1
github.com/elmq0022/kami/internal/radix/radix.go:55.36,56.20 1 1
github.com/elmq0022/kami/internal/radix/radix.go:56.20,58.4 1 1
github.com/elmq0022/kami/internal/radix/radix.go:58.9,58.31 1 1
github.com/elmq0022/kami/internal/radix/radix.go:58.31,61.4 2 1
github.com/elmq0022/kami/internal/radix/radix.go:61.9,61.45 1 0
github.com/elmq0022/kami/internal/radix/radix.go:61.45,63.4 1 0
github.com/elmq0022/kami/internal/radix/radix.go:63.9,65.4 1 0
github.com/elmq0022/kami/internal/radix/radix.go:68.2,68.36 1 1
github.com/elmq0022/kami/internal/radix/radix.go:68.36,69.20 1 1
github.com/elmq0022/kami/internal/radix/radix.go:69.20,71.4 1 1
github.com/elmq0022/kami/internal/radix/radix.go:71.9,71.36 1 1
github.com/elmq0022/kami/internal/radix/radix.go:71.36,73.4 1 0
github.com/elmq0022/kami/internal/radix/radix.go:74.3,74.27 1 1
github.com/elmq0022/kami/internal/radix/radix.go:74.27,77.4 2 1
github.com/elmq0022/kami/internal/radix/radix.go:78.3,78.81 1 0
github.com/elmq0022/kami/internal/radix/radix.go:81.2,81.38 1 1
github.com/elmq0022/kami/internal/radix/radix.go:81.38,82.26 1 0
github.com/elmq0022/kami/internal/radix/radix.go:82.26,84.4 1 0
github.com/elmq0022/kami/internal/radix/radix.go:87.2,89.44 3 1
github.com/elmq0022/kami/internal/radix/radix.go:92.86,98.2 5 1
github.com/elmq0022/kami/internal/radix/radix.go:100.116,103.17 2 1
github.com/elmq0022/kami/internal/radix/radix.go:103.17,105.3 1 0
github.com/elmq0022/kami/internal/radix/radix.go:107.2,107.26 1 1
github.com/elmq0022/kami/internal/radix/radix.go:107.26,109.47 1 1
github.com/elmq0022/kami/internal/radix/radix.go:109.47,111.4 1 1
github.com/elmq0022/kami/internal/radix/radix.go:114.3,114.27 1 1
github.com/elmq0022/kami/internal/radix/radix.go:114.27,118.4 3 0
github.com/elmq0022/kami/internal/radix/radix.go:120.3,120.21 1 1
github.com/elmq0022/kami/internal/radix/radix.go:123.2,123.38 1 1
github.com/elmq0022/kami/internal/radix/radix.go:123.38,124.36 1 1
github.com/elmq0022/kami/internal/radix/radix.go:124.36,127.4 2 1
github.com/elmq0022/kami/internal/radix/radix.go:130.2,130.23 1 1
github.com/elmq0022/kami/internal/radix/radix.go:130.23,134.3 3 1
github.com/elmq0022/kami/internal/radix/radix.go:136.2,136.26 1 1
github.com/elmq0022/kami/internal/radix/radix.go:136.26,140.3 3 1
github.com/elmq0022/kami/internal/radix/radix.go:142.2,142.20 1 1
github.com/elmq0022/kami/internal/radix/radix.go:145.41,149.35 3 1
github.com/elmq0022/kami/internal/radix/radix.go:149.35,150.20 1 1
github.com/elmq0022/kami/internal/radix/radix.go:150.20,153.4 2 1
github.com/elmq0022/kami/internal/radix/radix.go:155.2,155.21 1 1
github.com/elmq0022/kami/internal/radix/radix.go:158.71,160.31 2 1
github.com/elmq0022/kami/internal/radix/radix.go:160.31,161.56 1 1
github.com/elmq0022/kami/internal/radix/radix.go:161.56,162.34 1 1
github.com/elmq0022/kami/internal/radix/radix.go:162.34,164.5 1 1
github.com/elmq0022/kami/internal/radix/radix.go:165.4,165.24 1 1
github.com/elmq0022/kami/internal/radix/radix.go:168.2,168.12 1 1
github.com/elmq0022/kami/responders/json.go:13.75,15.16 2 1
github.com/elmq0022/kami/responders/json.go:15.16,17.3 1 1
github.com/elmq0022/kami/responders/json.go:19.2,20.18 2 1
github.com/elmq0022/kami/responders/json.go:20.18,22.3 1 1
github.com/elmq0022/kami/responders/json.go:23.2,23.15 1 1
github.com/elmq0022/kami/responders/json.go:35.80,37.16 2 1
github.com/elmq0022/kami/responders/json.go:37.16,39.3 1 0
github.com/elmq0022/kami/responders/json.go:41.2,43.15 3 1
github.com/elmq0022/kami/responders/static.go:15.78,23.2 2 0
github.com/elmq0022/kami/responders/static.go:25.86,29.43 2 0
github.com/elmq0022/kami/responders/static.go:29.43,31.20 1 0
github.com/elmq0022/kami/responders/static.go:31.20,34.4 2 0
github.com/elmq0022/kami/responders/static.go:37.3,37.49 1 0
github.com/elmq0022/kami/responders/static.go:37.49,38.59 1 0
github.com/elmq0022/kami/responders/static.go:38.59,41.5 2 0
github.com/elmq0022/kami/responders/static.go:45.2,45.29 1 0
github.com/elmq0022/kami/router/context.go:9.80,11.2 1 1
github.com/elmq0022/kami/router/context.go:13.55,14.59 1 1
github.com/elmq0022/kami/router/context.go:14.59,16.3 1 1
github.com/elmq0022/kami/router/context.go:17.2,17.32 1 1
github.com/elmq0022/kami/router/options.go:7.49,8.25 1 0
github.com/elmq0022/kami/router/options.go:8.25,10.3 1 0
github.com/elmq0022/kami/router/options.go:13.43,14.25 1 1
github.com/elmq0022/kami/router/options.go:14.25,16.3 1 1
github.com/elmq0022/kami/router/options.go:19.26,20.25 1 0
github.com/elmq0022/kami/router/options.go:20.26,22.3 0 0
github.com/elmq0022/kami/router/router.go:22.43,24.16 2 1
github.com/elmq0022/kami/router/router.go:24.16,26.3 1 0
github.com/elmq0022/kami/router/router.go:28.2,33.27 2 1
github.com/elmq0022/kami/router/router.go:33.27,35.3 1 1
github.com/elmq0022/kami/router/router.go:37.2,37.15 1 1
github.com/elmq0022/kami/router/router.go:40.35,42.53 2 0
github.com/elmq0022/kami/router/router.go:42.53,44.3 1 0
github.com/elmq0022/kami/router/router.go:47.70,48.15 1 1
github.com/elmq0022/kami/router/router.go:48.15,49.35 1 1
github.com/elmq0022/kami/router/router.go:49.35,56.4 2 0
github.com/elmq0022/kami/router/router.go:59.2,60.9 2 1
github.com/elmq0022/kami/router/router.go:60.9,63.3 2 1
github.com/elmq0022/kami/router/router.go:65.2,68.42 3 1
github.com/elmq0022/kami/router/router.go:68.42,70.3 1 0
github.com/elmq0022/kami/router/router.go:72.2,73.27 2 1
github.com/elmq0022/kami/router/router.go:76.66,77.64 1 1
github.com/elmq0022/kami/router/router.go:77.64,78.53 1 0
github.com/elmq0022/kami/router/router.go:82.58,84.2 1 1
github.com/elmq0022/kami/router/router.go:86.59,88.2 1 0
github.com/elmq0022/kami/router/router.go:90.58,92.2 1 0
github.com/elmq0022/kami/router/router.go:94.61,96.2 1 0
github.com/elmq0022/kami/router/router.go:98.60,100.2 1 0
github.com/elmq0022/kami/router/router.go:102.59,104.2 1 0
github.com/elmq0022/kami/router/router.go:106.62,108.2 1 0
github.com/elmq0022/kami/router/router.go:110.62,112.2 1 0
github.com/elmq0022/kami/router/router.go:114.60,116.2 1 0
github.com/elmq0022/kami/router/router.go:118.49,120.2 1 1
github.com/elmq0022/kami/router/router.go:122.54,125.37 2 0
github.com/elmq0022/kami/router/router.go:125.37,127.3 1 0
github.com/elmq0022/kami/router/router.go:128.2,131.56 2 0
github.com/elmq0022/kami/router/router.go:131.56,133.3 1 0
github.com/elmq0022/kami/router/subrouter.go:16.55,17.21 1 1
github.com/elmq0022/kami/router/subrouter.go:17.21,18.44 1 0
github.com/elmq0022/kami/router/subrouter.go:21.2,21.22 1 1
github.com/elmq0022/kami/router/subrouter.go:21.22,22.68 1 0
github.com/elmq0022/kami/router/subrouter.go:25.2,26.46 2 1
github.com/elmq0022/kami/router/subrouter.go:26.46,27.71 1 0
github.com/elmq0022/kami/router/subrouter.go:30.2,33.3 1 1
github.com/elmq0022/kami/router/subrouter.go:36.69,39.2 2 1
github.com/elmq0022/kami/router/subrouter.go:41.61,43.2 1 1
github.com/elmq0022/kami/router/subrouter.go:45.62,47.2 1 0
github.com/elmq0022/kami/router/subrouter.go:49.61,51.2 1 0
github.com/elmq0022/kami/router/subrouter.go:53.63,55.2 1 0
github.com/elmq0022/kami/router/subrouter.go:57.64,59.2 1 0
github.com/elmq0022/kami/router/subrouter.go:61.62,63.2 1 0
github.com/elmq0022/kami/router/subrouter.go:65.65,67.2 1 0
