mode: set
github.com/elmq0022/kami/handlers/defaultNotFound.go:14.68,17.2 2 0
github.com/elmq0022/kami/handlers/defaultNotFound.go:19.63,21.2 1 0
github.com/elmq0022/kami/router/context.go:9.80,11.2 1 1
github.com/elmq0022/kami/router/context.go:13.55,14.59 1 1
github.com/elmq0022/kami/router/context.go:14.59,16.3 1 1
github.com/elmq0022/kami/router/context.go:17.2,17.32 1 1
github.com/elmq0022/kami/router/options.go:7.49,8.25 1 0
github.com/elmq0022/kami/router/options.go:8.25,10.3 1 0
github.com/elmq0022/kami/router/options.go:13.43,14.25 1 1
github.com/elmq0022/kami/router/options.go:14.25,16.3 1 1
github.com/elmq0022/kami/router/options.go:19.26,20.25 1 0
github.com/elmq0022/kami/router/options.go:20.26,22.3 0 0
github.com/elmq0022/kami/router/router.go:18.43,20.16 2 1
github.com/elmq0022/kami/router/router.go:20.16,22.3 1 0
github.com/elmq0022/kami/router/router.go:24.2,29.27 2 1
github.com/elmq0022/kami/router/router.go:29.27,31.3 1 1
github.com/elmq0022/kami/router/router.go:33.2,33.15 1 1
github.com/elmq0022/kami/router/router.go:36.70,38.9 2 1
github.com/elmq0022/kami/router/router.go:38.9,41.3 2 1
github.com/elmq0022/kami/router/router.go:43.2,47.42 3 1
github.com/elmq0022/kami/router/router.go:47.42,49.3 1 0
github.com/elmq0022/kami/router/router.go:51.2,52.22 2 1
github.com/elmq0022/kami/router/router.go:55.66,56.64 1 1
github.com/elmq0022/kami/router/router.go:56.64,57.53 1 0
github.com/elmq0022/kami/router/router.go:61.58,63.2 1 1
github.com/elmq0022/kami/router/router.go:65.59,67.2 1 0
github.com/elmq0022/kami/router/router.go:69.58,71.2 1 0
github.com/elmq0022/kami/router/router.go:73.61,75.2 1 0
github.com/elmq0022/kami/router/router.go:77.60,79.2 1 0
github.com/elmq0022/kami/router/router.go:81.59,83.2 1 0
github.com/elmq0022/kami/router/router.go:85.62,87.2 1 0
github.com/elmq0022/kami/router/router.go:89.62,91.2 1 0
github.com/elmq0022/kami/router/router.go:93.60,95.2 1 0
github.com/elmq0022/kami/router/router.go:97.49,99.2 1 1
github.com/elmq0022/kami/router/subrouter.go:15.55,20.2 1 1
github.com/elmq0022/kami/router/subrouter.go:22.69,25.2 2 1
github.com/elmq0022/kami/router/subrouter.go:27.61,29.2 1 1
github.com/elmq0022/kami/router/subrouter.go:31.62,33.2 1 0
github.com/elmq0022/kami/router/subrouter.go:35.61,37.2 1 0
github.com/elmq0022/kami/router/subrouter.go:39.63,41.2 1 0
github.com/elmq0022/kami/router/subrouter.go:43.64,45.2 1 0
github.com/elmq0022/kami/router/subrouter.go:47.62,49.2 1 0
github.com/elmq0022/kami/router/subrouter.go:51.65,53.2 1 0
github.com/elmq0022/kami/internal/radix/radix.go:24.28,27.2 2 1
github.com/elmq0022/kami/internal/radix/radix.go:29.83,30.38 1 1
github.com/elmq0022/kami/internal/radix/radix.go:30.38,32.3 1 1
github.com/elmq0022/kami/internal/radix/radix.go:34.2,37.68 3 1
github.com/elmq0022/kami/internal/radix/radix.go:37.68,39.3 1 1
github.com/elmq0022/kami/internal/radix/radix.go:41.2,41.45 1 1
github.com/elmq0022/kami/internal/radix/radix.go:44.89,45.26 1 1
github.com/elmq0022/kami/internal/radix/radix.go:45.26,46.27 1 1
github.com/elmq0022/kami/internal/radix/radix.go:46.27,48.4 1 1
github.com/elmq0022/kami/internal/radix/radix.go:49.3,50.13 2 1
github.com/elmq0022/kami/internal/radix/radix.go:53.2,55.36 2 1
github.com/elmq0022/kami/internal/radix/radix.go:55.36,56.20 1 1
github.com/elmq0022/kami/internal/radix/radix.go:56.20,58.4 1 1
github.com/elmq0022/kami/internal/radix/radix.go:58.9,58.31 1 1
github.com/elmq0022/kami/internal/radix/radix.go:58.31,61.4 2 1
github.com/elmq0022/kami/internal/radix/radix.go:61.9,61.45 1 0
github.com/elmq0022/kami/internal/radix/radix.go:61.45,63.4 1 0
github.com/elmq0022/kami/internal/radix/radix.go:63.9,65.4 1 0
github.com/elmq0022/kami/internal/radix/radix.go:68.2,68.36 1 1
github.com/elmq0022/kami/internal/radix/radix.go:68.36,69.20 1 1
github.com/elmq0022/kami/internal/radix/radix.go:69.20,71.4 1 1
github.com/elmq0022/kami/internal/radix/radix.go:71.9,71.36 1 1
github.com/elmq0022/kami/internal/radix/radix.go:71.36,73.4 1 0
github.com/elmq0022/kami/internal/radix/radix.go:74.3,74.27 1 1
github.com/elmq0022/kami/internal/radix/radix.go:74.27,77.4 2 1
github.com/elmq0022/kami/internal/radix/radix.go:78.3,78.81 1 0
github.com/elmq0022/kami/internal/radix/radix.go:81.2,81.38 1 1
github.com/elmq0022/kami/internal/radix/radix.go:81.38,82.26 1 0
github.com/elmq0022/kami/internal/radix/radix.go:82.26,84.4 1 0
github.com/elmq0022/kami/internal/radix/radix.go:87.2,89.44 3 1
github.com/elmq0022/kami/internal/radix/radix.go:92.86,98.2 5 1
github.com/elmq0022/kami/internal/radix/radix.go:100.116,103.17 2 1
github.com/elmq0022/kami/internal/radix/radix.go:103.17,105.3 1 0
github.com/elmq0022/kami/internal/radix/radix.go:107.2,107.26 1 1
github.com/elmq0022/kami/internal/radix/radix.go:107.26,110.3 2 1
github.com/elmq0022/kami/internal/radix/radix.go:112.2,112.38 1 1
github.com/elmq0022/kami/internal/radix/radix.go:112.38,113.36 1 1
github.com/elmq0022/kami/internal/radix/radix.go:113.36,116.4 2 1
github.com/elmq0022/kami/internal/radix/radix.go:119.2,119.23 1 1
github.com/elmq0022/kami/internal/radix/radix.go:119.23,123.3 3 1
github.com/elmq0022/kami/internal/radix/radix.go:125.2,125.26 1 1
github.com/elmq0022/kami/internal/radix/radix.go:125.26,129.3 3 1
github.com/elmq0022/kami/internal/radix/radix.go:131.2,131.20 1 1
github.com/elmq0022/kami/internal/radix/radix.go:134.41,138.35 3 1
github.com/elmq0022/kami/internal/radix/radix.go:138.35,139.20 1 1
github.com/elmq0022/kami/internal/radix/radix.go:139.20,142.4 2 1
github.com/elmq0022/kami/internal/radix/radix.go:144.2,144.21 1 1
github.com/elmq0022/kami/internal/radix/radix.go:147.72,149.31 2 1
github.com/elmq0022/kami/internal/radix/radix.go:149.31,150.37 1 1
github.com/elmq0022/kami/internal/radix/radix.go:150.37,151.34 1 1
github.com/elmq0022/kami/internal/radix/radix.go:151.34,153.5 1 1
github.com/elmq0022/kami/internal/radix/radix.go:154.4,154.24 1 1
github.com/elmq0022/kami/internal/radix/radix.go:157.2,157.12 1 1
